proguard.cfg

-dontusemixedcaseclassnames
-dontskipnonpubliclibraryclasses
-dontskipnonpubliclibraryclassmembers
-dontpreverify
-ignorewarnings
-verbose
-optimizations !code/simplification/arithmetic,!field/*,!class/merging/*

-libraryjars libs/android-support-v4.jar
-libraryjars libs/gson.jar
-libraryjars libs/zxingbarcode.jar
-libraryjars libs/httpmime-4.1.3.jar
-libraryjars libs/qq_share_sdk.jar
-libraryjars libs/renrenSdk.jar
-libraryjars libs/sinaSdk.jar
-libraryjars libs/gdmap_core.jar
-libraryjars libs/gdmap_geocoder_location.jar
-libraryjars libs/gdmap_poisearch_route.jar
-libraryjars libs/gdmap.jar
-libraryjars libs/pinyin4j-2.5.0.jar

-keep public class * extends android.app.Activity
-keep public class * extends android.app.Application
-keep public class * extends android.app.Service
-keep public class * extends android.content.BroadcastReceiver
-keep public class * extends android.content.ContentProvider
-keep public class * extends android.app.backup.BackupAgentHelper
-keep public class * extends android.preference.Preference
-keep public class com.android.vending.licensing.ILicensingService

-keepclasseswithmembernames class * {
    native <methods>;
}

-keepclasseswithmembers class * {
    public <init>(android.content.Context, android.util.AttributeSet);
}

-keepclasseswithmembers class * {
    public <init>(android.content.Context, android.util.AttributeSet, int);
}

-keepclassmembers class * extends android.app.Activity {
   public void *(android.view.View);
}

-keepclassmembers enum * {
    public static **[] values();
    public static ** valueOf(java.lang.String);
}

-keep class * implements android.os.Parcelable {
  public static final android.os.Parcelable$Creator *;
}

-keepattributes Signature

-dontwarn **CompatHoneycomb
-dontwarn **CompatHoneycombMR2
-dontwarn **CompatCreatorHoneycombMR2
-dontwarn android.support.**
-dontwarn com.google.gson.**

-keep class android.support.v4.** { *; }
-keep public class * extends android.support.v4.**
-keep public class * extends android.app.Fragment
-keep class com.google.gson.** {*; }
-keep class sun.misc.Unsafe { *; }
-keep public class * extends com.google.gson.**
-keep class com.zhima.base.protocol.vo.** {*; }
-keep class com.weibo.** {*;}
-keep class android.net.http.** { *; }
-keep class com.your.jnicallback.class { *; } 

-keep public class com.zhima.ui.space.activity.AcqierementActivity$JavaScriptInterface
-keep public class com.zhima.ui.space.activity.AcqierementActivity$JavaScriptInterface {
    public void startVideo(java.lang.String);
}
-keep public class com.zhima.ui.space.activity.IdoPhotoActivity$JavaScriptInterface
-keep public class com.zhima.ui.space.activity.IdoPhotoActivity$JavaScriptInterface {
    public void startVideo(java.lang.String);
}
-keep public class com.zhima.ui.space.couples.activity.CouplesDiaryActivity$JavaScriptInterface
-keep public class com.zhima.ui.space.couples.activity.CouplesDiaryActivity$JavaScriptInterface {
    public void startVideo(java.lang.String);
}
-keep public class com.zhima.ui.space.couples.activity.CouplesMediaActivity$JavaScriptInterface
-keep public class com.zhima.ui.space.couples.activity.CouplesMediaActivity$JavaScriptInterface {
    public void startVideo(java.lang.String);
}

-keep public class com.zhima.ui.common.view.VideoWebView$JavaScriptInterface
-keep public class com.zhima.ui.common.view.VideoWebView$JavaScriptInterface {
    public void startVideo(java.lang.String);
}

-keepclassmembers class * {
   public <init>(org.json.JSONObject);
}
-keep public class com.zhima.R$*{
    public static final int *;
}

-keepattributes *Annotation*

-printmapping ".\bin\progard.map"
-renamesourcefileattribute Zhima
-keepattributes SourceFile,LineNumberTable