proguard/seeds.txt
com.zhima.R$anim
com.zhima.R$anim: int activity_back_in
com.zhima.R$anim: int activity_back_out
com.zhima.R$anim: int activity_in
com.zhima.R$anim: int activity_out
com.zhima.R$anim: int album_in
com.zhima.R$anim: int alpha_in
com.zhima.R$anim: int alpha_out
com.zhima.R$anim: int custom_dialog_anim_dismiss
com.zhima.R$anim: int custom_dialog_anim_show
com.zhima.R$anim: int idol_album_anim
com.zhima.R$anim: int idol_in
com.zhima.R$anim: int idol_out
com.zhima.R$anim: int idol_praise_scale
com.zhima.R$anim: int main_chimark_frame_anim
com.zhima.R$anim: int main_grass_frame_anim
com.zhima.R$anim: int main_love_frame_anim
com.zhima.R$anim: int main_meteor_frame_anim
com.zhima.R$anim: int main_starrysky_frame_anim
com.zhima.R$anim: int main_view_tran_in
com.zhima.R$anim: int main_view_tran_out
com.zhima.R$anim: int pophidden_anim
com.zhima.R$anim: int popshow_anim
com.zhima.R$anim: int pra_in
com.zhima.R$anim: int praise_scale
com.zhima.R$anim: int progressbar_loading
com.zhima.R$anim: int pull_slide_in_from_bottom
com.zhima.R$anim: int pull_slide_in_from_top
com.zhima.R$anim: int pull_slide_out_to_bottom
com.zhima.R$anim: int pull_slide_out_to_top
com.zhima.R$anim: int push_left_in
com.zhima.R$anim: int push_left_out
com.zhima.R$anim: int push_right_in
com.zhima.R$anim: int push_right_out
com.zhima.R$anim: int rotate_down
com.zhima.R$anim: int rotate_up
com.zhima.R$anim: int slide_left_in
com.zhima.R$anim: int slide_left_out
com.zhima.R$anim: int slide_right_in
com.zhima.R$array
com.zhima.R$array: int astros
com.zhima.R$array: int error_codes
com.zhima.R$array: int error_messages
com.zhima.R$array: int face_drawables
com.zhima.R$array: int face_symbol
com.zhima.R$array: int gender_options
com.zhima.R$array: int marriage_options
com.zhima.R$array: int notice_transpond
com.zhima.R$array: int select_photos
com.zhima.R$array: int share
com.zhima.R$attr
com.zhima.R$attr: int activeColor
com.zhima.R$attr: int activeType
com.zhima.R$attr: int arrow
com.zhima.R$attr: int card_gravity
com.zhima.R$attr: int card_horizontalSpacing
com.zhima.R$attr: int card_layout_gravity
com.zhima.R$attr: int card_layout_margin
com.zhima.R$attr: int card_layout_marginBottom
com.zhima.R$attr: int card_layout_marginLeft
com.zhima.R$attr: int card_layout_marginRight
com.zhima.R$attr: int card_layout_marginTop
com.zhima.R$attr: int card_padding
com.zhima.R$attr: int card_paddingBottom
com.zhima.R$attr: int card_paddingLeft
com.zhima.R$attr: int card_paddingRight
com.zhima.R$attr: int card_paddingTop
com.zhima.R$attr: int card_verticalSpacing
com.zhima.R$attr: int centered
com.zhima.R$attr: int centered_spu
com.zhima.R$attr: int clipPadding
com.zhima.R$attr: int content
com.zhima.R$attr: int customTypeface
com.zhima.R$attr: int fadeOut
com.zhima.R$attr: int fillColor
com.zhima.R$attr: int footerColor
com.zhima.R$attr: int footerLineHeight
com.zhima.R$attr: int footerTriangleHeight
com.zhima.R$attr: int icon
com.zhima.R$attr: int inactiveColor
com.zhima.R$attr: int inactiveType
com.zhima.R$attr: int itemCount
com.zhima.R$attr: int pageColor
com.zhima.R$attr: int ptrMode
com.zhima.R$attr: int radius
com.zhima.R$attr: int radius_sup
com.zhima.R$attr: int selectedBold
com.zhima.R$attr: int selectedColor
com.zhima.R$attr: int selectedSize
com.zhima.R$attr: int sidebuffer
com.zhima.R$attr: int snap
com.zhima.R$attr: int strokeColor
com.zhima.R$bool
com.zhima.R$bool: int default_circle_indicator_centered
com.zhima.R$bool: int default_circle_indicator_snap
...
com.google.gson.internal.UnsafeAllocator$3
com.google.gson.internal.UnsafeAllocator$3: java.lang.reflect.Method val$newInstance
com.google.gson.internal.UnsafeAllocator$3: int val$constructorId
com.google.gson.internal.UnsafeAllocator$3: UnsafeAllocator$3(java.lang.reflect.Method,int)
com.google.gson.internal.UnsafeAllocator$3: java.lang.Object newInstance(java.lang.Class)
com.google.gson.internal.UnsafeAllocator$4
com.google.gson.internal.UnsafeAllocator$4: UnsafeAllocator$4()
com.google.gson.internal.UnsafeAllocator$4: java.lang.Object newInstance(java.lang.Class)
com.google.gson.internal.bind.ArrayTypeAdapter
com.google.gson.internal.bind.ArrayTypeAdapter: com.google.gson.TypeAdapterFactory FACTORY
com.google.gson.internal.bind.ArrayTypeAdapter: java.lang.Class componentType
com.google.gson.internal.bind.ArrayTypeAdapter: com.google.gson.TypeAdapter componentTypeAdapter
com.google.gson.internal.bind.ArrayTypeAdapter: ArrayTypeAdapter(com.google.gson.Gson,com.google.gson.TypeAdapter,java.lang.Class)
com.google.gson.internal.bind.ArrayTypeAdapter: java.lang.Object read(com.google.gson.stream.JsonReader)
com.google.gson.internal.bind.ArrayTypeAdapter: void write(com.google.gson.stream.JsonWriter,java.lang.Object)
com.google.gson.internal.bind.ArrayTypeAdapter: void <clinit>()
com.google.gson.internal.bind.ArrayTypeAdapter$1
com.google.gson.internal.bind.ArrayTypeAdapter$1: ArrayTypeAdapter$1()
com.google.gson.internal.bind.ArrayTypeAdapter$1: com.google.gson.TypeAdapter create(com.google.gson.Gson,com.google.gson.reflect.TypeToken)
com.google.gson.internal.bind.CollectionTypeAdapterFactory
com.google.gson.internal.bind.CollectionTypeAdapterFactory: com.google.gson.internal.ConstructorConstructor constructorConstructor
com.google.gson.internal.bind.CollectionTypeAdapterFactory: CollectionTypeAdapterFactory(com.google.gson.internal.ConstructorConstructor)
com.google.gson.internal.bind.CollectionTypeAdapterFactory: com.google.gson.TypeAdapter create(com.google.gson.Gson,com.google.gson.reflect.TypeToken)
com.google.gson.internal.bind.CollectionTypeAdapterFactory$Adapter
com.google.gson.internal.bind.CollectionTypeAdapterFactory$Adapter: com.google.gson.TypeAdapter elementTypeAdapter
com.google.gson.internal.bind.CollectionTypeAdapterFactory$Adapter: com.google.gson.internal.ObjectConstructor constructor
com.google.gson.internal.bind.CollectionTypeAdapterFactory$Adapter: com.google.gson.internal.bind.CollectionTypeAdapterFactory this$0
com.google.gson.internal.bind.CollectionTypeAdapterFactory$Adapter: CollectionTypeAdapterFactory$Adapter(com.google.gson.internal.bind.CollectionTypeAdapterFactory,com.google.gson.Gson,java.lang.reflect.Type,com.google.gson.TypeAdapter,com.google.gson.internal.ObjectConstructor)
com.google.gson.internal.bind.CollectionTypeAdapterFactory$Adapter: java.util.Collection read(com.google.gson.stream.JsonReader)
com.google.gson.internal.bind.CollectionTypeAdapterFactory$Adapter: void write(com.google.gson.stream.JsonWriter,java.util.Collection)
com.google.gson.internal.bind.CollectionTypeAdapterFactory$Adapter: java.lang.Object read(com.google.gson.stream.JsonReader)
com.google.gson.internal.bind.CollectionTypeAdapterFactory$Adapter: void write(com.google.gson.stream.JsonWriter,java.lang.Object)