proguard/mapping.txt
com.zhima.R -> com.zhima.R:
com.zhima.R$anim -> com.zhima.R$anim:
    int activity_back_in -> activity_back_in
    int activity_back_out -> activity_back_out
    int activity_in -> activity_in
    int activity_out -> activity_out
    int album_in -> album_in
    int alpha_in -> alpha_in
    int alpha_out -> alpha_out
    int custom_dialog_anim_dismiss -> custom_dialog_anim_dismiss
    int custom_dialog_anim_show -> custom_dialog_anim_show
    int idol_album_anim -> idol_album_anim
    int idol_in -> idol_in
    int idol_out -> idol_out
    int idol_praise_scale -> idol_praise_scale
    int main_chimark_frame_anim -> main_chimark_frame_anim
    int main_grass_frame_anim -> main_grass_frame_anim
    int main_love_frame_anim -> main_love_frame_anim
    int main_meteor_frame_anim -> main_meteor_frame_anim
    int main_starrysky_frame_anim -> main_starrysky_frame_anim
    int main_view_tran_in -> main_view_tran_in
    int main_view_tran_out -> main_view_tran_out
    int pophidden_anim -> pophidden_anim
    int popshow_anim -> popshow_anim
    int pra_in -> pra_in
    int praise_scale -> praise_scale
    int progressbar_loading -> progressbar_loading
    int pull_slide_in_from_bottom -> pull_slide_in_from_bottom
    int pull_slide_in_from_top -> pull_slide_in_from_top
    int pull_slide_out_to_bottom -> pull_slide_out_to_bottom
    int pull_slide_out_to_top -> pull_slide_out_to_top
    int push_left_in -> push_left_in
    int push_left_out -> push_left_out
    int push_right_in -> push_right_in
com.zhima.R$array -> com.zhima.R$array:
    int astros -> astros
    int error_codes -> error_codes
    int error_messages -> error_messages
    int face_drawables -> face_drawables
    int face_symbol -> face_symbol
    int gender_options -> gender_options
    int marriage_options -> marriage_options
    int notice_transpond -> notice_transpond
    int select_photos -> select_photos
    int share -> share
com.zhima.R$attr -> com.zhima.R$attr:
    int activeColor -> activeColor
    int activeType -> activeType
    int arrow -> arrow
    int card_gravity -> card_gravity
    int card_horizontalSpacing -> card_horizontalSpacing
    int card_layout_gravity -> card_layout_gravity
    int card_layout_margin -> card_layout_margin
    int card_layout_marginBottom -> card_layout_marginBottom
    int card_layout_marginLeft -> card_layout_marginLeft
    int card_layout_marginRight -> card_layout_marginRight
    int card_layout_marginTop -> card_layout_marginTop
    int card_padding -> card_padding
    int card_paddingBottom -> card_paddingBottom
    int card_paddingLeft -> card_paddingLeft
    int card_paddingRight -> card_paddingRight
    int card_paddingTop -> card_paddingTop
    int card_verticalSpacing -> card_verticalSpacing
    int centered -> centered
    int centered_spu -> centered_spu
    int clipPadding -> clipPadding
    int content -> content
    int customTypeface -> customTypeface
    int fadeOut -> fadeOut
    int fillColor -> fillColor
    int footerColor -> footerColor
    int footerLineHeight -> footerLineHeight
    int footerTriangleHeight -> footerTriangleHeight
    int icon -> icon
    int inactiveColor -> inactiveColor
    int inactiveType -> inactiveType
    int itemCount -> itemCount
    int pageColor -> pageColor
    int ptrMode -> ptrMode
    int radius -> radius
    int radius_sup -> radius_sup
    int selectedBold -> selectedBold
com.zhima.R$bool -> com.zhima.R$bool:
    int default_circle_indicator_centered -> default_circle_indicator_centered
    int default_circle_indicator_snap -> default_circle_indicator_snap
...
android.support.v4.view.ViewPager$1 -> android.support.v4.view.ViewPager$1:
    109:109:int compare(android.support.v4.view.ViewPager$ItemInfo,android.support.v4.view.ViewPager$ItemInfo) -> compare
    106:106:int compare(java.lang.Object,java.lang.Object) -> compare
android.support.v4.view.ViewPager$2 -> android.support.v4.view.ViewPager$2:
    115:116:float getInterpolation(float) -> getInterpolation
android.support.v4.view.ViewPager$Decor -> android.support.v4.view.ViewPager$Decor:
android.support.v4.view.ViewPager$ItemInfo -> android.support.v4.view.ViewPager$ItemInfo:
    java.lang.Object object -> object
    int position -> position
    boolean scrolling -> scrolling
    float widthFactor -> widthFactor
    float offset -> offset
android.support.v4.view.ViewPager$LayoutParams -> android.support.v4.view.ViewPager$LayoutParams:
    boolean isDecor -> isDecor
    int gravity -> gravity
    float widthFactor -> widthFactor
    boolean needsMeasure -> needsMeasure
android.support.v4.view.ViewPager$MyAccessibilityDelegate -> android.support.v4.view.ViewPager$MyAccessibilityDelegate:
    android.support.v4.view.ViewPager this$0 -> this$0
    2476:2478:void onInitializeAccessibilityEvent(android.view.View,android.view.accessibility.AccessibilityEvent) -> onInitializeAccessibilityEvent
    2482:2491:void onInitializeAccessibilityNodeInfo(android.view.View,android.support.v4.view.accessibility.AccessibilityNodeInfoCompat) -> onInitializeAccessibilityNodeInfo
    2495:2512:boolean performAccessibilityAction(android.view.View,int,android.os.Bundle) -> performAccessibilityAction
android.support.v4.view.ViewPager$OnAdapterChangeListener -> android.support.v4.view.ViewPager$OnAdapterChangeListener:
    void onAdapterChanged(android.support.v4.view.PagerAdapter,android.support.v4.view.PagerAdapter) -> onAdapterChanged
android.support.v4.view.ViewPager$OnPageChangeListener -> android.support.v4.view.ViewPager$OnPageChangeListener:
    void onPageScrolled(int,float,int) -> onPageScrolled
    void onPageSelected(int) -> onPageSelected
    void onPageScrollStateChanged(int) -> onPageScrollStateChanged
android.support.v4.view.ViewPager$PagerObserver -> android.support.v4.view.ViewPager$PagerObserver:
    android.support.v4.view.ViewPager this$0 -> this$0
    2519:2520:void onChanged() -> onChanged
    2523:2524:void onInvalidated() -> onInvalidated
android.support.v4.view.ViewPager$SavedState -> android.support.v4.view.ViewPager$SavedState:
    int position -> position
    android.os.Parcelable adapterState -> adapterState
    java.lang.ClassLoader loader -> loader
    android.os.Parcelable$Creator CREATOR -> CREATOR
    1031:1034:void writeToParcel(android.os.Parcel,int) -> writeToParcel
    1038:1038:java.lang.String toString() -> toString
android.support.v4.view.ViewPager$SavedState$1 -> android.support.v4.view.ViewPager$SavedState$1:
    1047:1047:android.support.v4.view.ViewPager$SavedState createFromParcel(android.os.Parcel,java.lang.ClassLoader) -> createFromParcel
    1051:1051:android.support.v4.view.ViewPager$SavedState[] newArray(int) -> newArray
    1044:1044:java.lang.Object[] newArray(int) -> newArray
    1044:1044:java.lang.Object createFromParcel(android.os.Parcel,java.lang.ClassLoader) -> createFromParcel
android.support.v4.view.ViewPager$SimpleOnPageChangeListener -> android.support.v4.view.ViewPager$SimpleOnPageChangeListener:
    269:269:void onPageScrolled(int,float,int) -> onPageScrolled
    274:274:void onPageSelected(int) -> onPageSelected
    279:279:void onPageScrollStateChanged(int) -> onPageScrollStateChanged