proguard/usage.txt
com.zhima.BuildConfig
com.zhima.R:
    10:10:public R()
com.zhima.app.ZhimaApplication:
    private static final java.lang.String TAG
    private static final int MIN_HEAP_SIZE
com.zhima.base.alarm.AlarmManagerTimer:
    private static final java.lang.String TAG
    31:31:public boolean isRunning()
com.zhima.base.alarm.SimpleAlarmTimer:
    private static final java.lang.String TAG
    59:62:public boolean isRunning()
com.zhima.base.cache.HardReferenceCache
com.zhima.base.cache.HardReferenceCache$HardCacheItem
com.zhima.base.cache.IZMMemCache:
    public abstract int getSize()
    public abstract void clear()
com.zhima.base.cache.ImageCache:
    protected android.content.Context mContext
    26:29:public static com.zhima.base.cache.ImageCache getInstance()
    33:35:public void setupSolidCache(android.content.Context,java.lang.Integer[])
    38:41:public void insertSolid(int,android.graphics.Bitmap)
    44:44:public android.graphics.Bitmap getSolidBitmap(int)
    64:65:public void removeSoftCache(java.lang.String)
    68:69:public void clearCache(java.lang.String)
    72:72:public int getSoftCacheSize()
    15:15:static synthetic int access$0(com.zhima.base.cache.ImageCache)
    15:15:static synthetic void access$1(com.zhima.base.cache.ImageCache,int)
com.zhima.base.cache.ImageCache$DecodeTask
com.zhima.base.cache.ResImageCache:
    private static final java.lang.String TAG
    public static final int DEFAULT_THUMBNAIL
    public static final int CHECKED
    public static final int UNCHECKED
    public static final int LOCKCHECK
    43:44:public void setupSolidCache(android.content.Context)
    47:47:public android.graphics.Bitmap getDefaultThumbnail()
    51:56:public android.graphics.Bitmap getBitmap(int,int)
    60:65:public android.graphics.Bitmap getCheckboxBackground(int)
    1:1:public static bridge synthetic com.zhima.base.cache.ImageCache getInstance()
com.zhima.base.cache.SoftReferenceCache:
    48:48:public int getSize()
com.zhima.base.cache.WeakReferenceCache:
    58:58:public int getSize()
com.zhima.base.compress.zipCompressHelper
com.zhima.base.config.FilePathConfig
com.zhima.base.config.ResourceServerConfig:
    private static final java.lang.String WIDTH_HOLDER
    51:54:public java.lang.String getServerUrl(java.lang.String)
com.zhima.base.config.SystemConfig:
    public static final java.lang.String PLATFORM
    public static final java.lang.String CHANNEL_KEY
    public static final boolean DEBUG
    public static final boolean UPLOAD_CRASH_INFO
    public static final boolean STATS_ENABLE
    public static final java.lang.String FIXED_SERVER_URL
    public static final int MAX_TASK_SIZE
    public static final int PAGE_SIZE
    public static final int VIEW_PLUGIN_PREVIEW_COUNT
    public static final int VIEW_PLUGIN_LIST_MAX_COUNT
    public static final int VIEW_PLUGIN_HEADER_MAX_COUNT
    public static final int IMAGE_QUALITY
    public static final int IMAGE_CACHE_SIZE
    public static final int DEFAULT_TOKEN_EXPIRE_DAYS
    public static final int PING_INTERVAL
    public static final int LOCATION_CLOSE_TIME
    public static final long LOCATION_TIMEOUT
    public static final java.lang.String UPDATE_APK
    public static final int RECOMMEND_COUNT
    15:15:public SystemConfig()
com.zhima.base.consts.ZMConsts:
    public static final int ALL_ID
    public static final int INVALID_ID
    public static final double INVALID_LATITUDE
    public static final double INVALID_LONGITUDE
    25:25:public ZMConsts()
com.zhima.base.consts.ZMConsts$AccessTokenType
com.zhima.base.consts.ZMConsts$BloodGroup
com.zhima.base.consts.ZMConsts$ContactType
com.zhima.base.consts.ZMConsts$DiaryPrivacyStatus
com.zhima.base.consts.ZMConsts$ForwardFromType
com.zhima.base.consts.ZMConsts$GenderType:
    public static final java.lang.String MALE
    public static final java.lang.String FEMALE
    public static final java.lang.String UNKNOWN
    345:345:public ZMConsts$GenderType()
com.zhima.base.consts.ZMConsts$ImageQuality
...
com.tencent.weibo.utils.QStrOperate:
    19:20:private QStrOperate()
    58:85:public static java.lang.String ParamDecode(java.lang.String)
    95:114:public static java.util.List getQueryParamsList(java.lang.String)
    141:178:public static java.lang.String getTimeState(java.lang.String)
com.tencent.weibo.webview.OAuthV1AuthorizeWebView:
    public static final int RESULT_CODE
    private static final java.lang.String TAG
com.tencent.weibo.webview.OAuthV2AuthorizeWebView:
    public static final int RESULT_CODE
    private static final java.lang.String TAG
com.umeng.analytics.Gender
com.umeng.analytics.MobclickAgent:
    public MobclickAgent()
    public static void setAutoLocation(boolean)
    public static void setSessionContinueMillis(long)
    public static void setEnableEventBuffer(boolean)
    public static void setOnlineConfigureListener(com.umeng.analytics.UmengOnlineConfigureListener)
    static com.umeng.analytics.b a()
    public static void setOpenGLContext(javax.microedition.khronos.opengles.GL10)
    public static void openActivityDurationTrack(boolean)
    public static void setDefaultReportPolicy(android.content.Context,int)
    public static void onPause(android.content.Context)
    public static void onResume(android.content.Context)
    public static void onResume(android.content.Context,java.lang.String,java.lang.String)
    public static void onError(android.content.Context)
    public static void onError(android.content.Context,java.lang.String)
    public static void reportError(android.content.Context,java.lang.String)
    public static void flush(android.content.Context)
    public static void onEvent(android.content.Context,java.lang.String)
    public static void onEvent(android.content.Context,java.lang.String,int)
    public static void onEvent(android.content.Context,java.lang.String,java.lang.String,int)
    public static void onEvent(android.content.Context,java.lang.String,java.lang.String)
    public static void onEvent(android.content.Context,java.lang.String,java.util.Map)
com.umeng.analytics.MobclickAgent$1
com.umeng.analytics.MobclickAgentJSInterface
com.umeng.analytics.MobclickAgentJSInterface$a
com.umeng.analytics.ReportPolicy:
    public static final int REALTIME
    public static final int BATCH_AT_LAUNCH
    static final int a
    static final int b
    public static final int DAILY
    public static final int WIFIONLY
    public static final int BATCH_BY_INTERVAL
    static void a(android.content.Context,int)
    static void b(android.content.Context,int,long)
    void c(android.content.Context)
    boolean a()
com.umeng.analytics.a:
    private static final java.lang.String d
    public void a(android.content.Context)
    public void a(com.umeng.analytics.g)